This file contains any messages produced by compilers while
running configure, to aid debugging if configure makes a mistake.

It was created by pebblesdb configure 1.0.dev, which was
generated by GNU Autoconf 2.68.  Invocation command line was

  $ ./configure 

## --------- ##
## Platform. ##
## --------- ##

hostname = nhpcc410-PowerEdge-T620
uname -m = x86_64
uname -r = 3.13.0-32-generic
uname -s = Linux
uname -v = #57~precise1-Ubuntu SMP Tue Jul 15 03:51:20 UTC 2014

/usr/bin/uname -p = unknown
/bin/uname -X     = unknown

/bin/arch              = unknown
/usr/bin/arch -k       = unknown
/usr/convex/getsysinfo = unknown
/usr/bin/hostinfo      = unknown
/bin/machine           = unknown
/usr/bin/oslevel       = unknown
/bin/universe          = unknown

PATH: /usr/local/sbin
PATH: /usr/local/bin
PATH: /usr/sbin
PATH: /usr/bin
PATH: /sbin
PATH: /bin
PATH: /usr/games


## ----------- ##
## Core tests. ##
## ----------- ##

configure:2565: checking for a BSD-compatible install
configure:2633: result: /usr/bin/install -c
configure:2644: checking whether build environment is sane
configure:2694: result: yes
configure:2835: checking for a thread-safe mkdir -p
configure:2874: result: /bin/mkdir -p
configure:2887: checking for gawk
configure:2917: result: no
configure:2887: checking for mawk
configure:2903: found /usr/bin/mawk
configure:2914: result: mawk
configure:2925: checking whether make sets $(MAKE)
configure:2947: result: yes
configure:3038: checking whether make supports nested variables
configure:3055: result: yes
configure:3096: checking build system type
configure:3110: result: x86_64-unknown-linux-gnu
configure:3130: checking host system type
configure:3143: result: x86_64-unknown-linux-gnu
configure:3184: checking how to print strings
configure:3211: result: printf
configure:3244: checking for style of include used by make
configure:3272: result: GNU
configure:3343: checking for gcc
configure:3359: found /usr/bin/gcc
configure:3370: result: gcc
configure:3599: checking for C compiler version
configure:3608: gcc --version >&5
gcc (Ubuntu/Linaro 4.6.4-1ubuntu1~12.04) 4.6.4
Copyright (C) 2011 Free Software Foundation, Inc.
This is free software; see the source for copying conditions.  There is NO
warranty; not even for MERCHANTABILITY or FITNESS FOR A PARTICULAR PURPOSE.

configure:3619: $? = 0
configure:3608: gcc -v >&5
Using built-in specs.
COLLECT_GCC=gcc
COLLECT_LTO_WRAPPER=/usr/lib/gcc/x86_64-linux-gnu/4.6/lto-wrapper
Target: x86_64-linux-gnu
Configured with: ../src/configure -v --with-pkgversion='Ubuntu/Linaro 4.6.4-1ubuntu1~12.04' --with-bugurl=file:///usr/share/doc/gcc-4.6/README.Bugs --enable-languages=c,c++,fortran,objc,obj-c++ --prefix=/usr --program-suffix=-4.6 --enable-shared --enable-linker-build-id --with-system-zlib --libexecdir=/usr/lib --without-included-gettext --enable-threads=posix --with-gxx-include-dir=/usr/include/c++/4.6 --libdir=/usr/lib --enable-nls --with-sysroot=/ --enable-clocale=gnu --enable-libstdcxx-debug --enable-libstdcxx-time=yes --enable-gnu-unique-object --enable-plugin --enable-objc-gc --disable-werror --with-arch-32=i686 --with-tune=generic --enable-checking=release --build=x86_64-linux-gnu --host=x86_64-linux-gnu --target=x86_64-linux-gnu
Thread model: posix
gcc version 4.6.4 (Ubuntu/Linaro 4.6.4-1ubuntu1~12.04) 
configure:3619: $? = 0
configure:3608: gcc -V >&5
gcc: error: unrecognized option '-V'
gcc: fatal error: no input files
compilation terminated.
configure:3619: $? = 4
configure:3608: gcc -qversion >&5
gcc: error: unrecognized option '-qversion'
gcc: fatal error: no input files
compilation terminated.
configure:3619: $? = 4
configure:3639: checking whether the C compiler works
configure:3661: gcc    conftest.c  >&5
configure:3665: $? = 0
configure:3713: result: yes
configure:3716: checking for C compiler default output file name
configure:3718: result: a.out
configure:3724: checking for suffix of executables
configure:3731: gcc -o conftest    conftest.c  >&5
configure:3735: $? = 0
configure:3757: result: 
configure:3779: checking whether we are cross compiling
configure:3787: gcc -o conftest    conftest.c  >&5
configure:3791: $? = 0
configure:3798: ./conftest
configure:3802: $? = 0
configure:3817: result: no
configure:3822: checking for suffix of object files
configure:3844: gcc -c   conftest.c >&5
configure:3848: $? = 0
configure:3869: result: o
configure:3873: checking whether we are using the GNU C compiler
configure:3892: gcc -c   conftest.c >&5
configure:3892: $? = 0
configure:3901: result: yes
configure:3910: checking whether gcc accepts -g
configure:3930: gcc -c -g  conftest.c >&5
configure:3930: $? = 0
configure:3971: result: yes
configure:3988: checking for gcc option to accept ISO C89
configure:4052: gcc  -c -g -O2  conftest.c >&5
configure:4052: $? = 0
configure:4065: result: none needed
configure:4087: checking dependency style of gcc
configure:4198: result: gcc3
configure:4213: checking for a sed that does not truncate output
configure:4277: result: /bin/sed
configure:4295: checking for grep that handles long lines and -e
configure:4353: result: /bin/grep
configure:4358: checking for egrep
configure:4420: result: /bin/grep -E
configure:4425: checking for fgrep
configure:4487: result: /bin/grep -F
configure:4522: checking for ld used by gcc
configure:4589: result: /usr/bin/ld
configure:4596: checking if the linker (/usr/bin/ld) is GNU ld
configure:4611: result: yes
configure:4623: checking for BSD- or MS-compatible name lister (nm)
configure:4672: result: /usr/bin/nm -B
configure:4802: checking the name lister (/usr/bin/nm -B) interface
configure:4809: gcc -c -g -O2  conftest.c >&5
configure:4812: /usr/bin/nm -B "conftest.o"
configure:4815: output
0000000000000000 B some_variable
configure:4822: result: BSD nm
configure:4825: checking whether ln -s works
configure:4829: result: yes
configure:4837: checking the maximum length of command line arguments
configure:4967: result: 1572864
configure:4984: checking whether the shell understands some XSI constructs
configure:4994: result: yes
configure:4998: checking whether the shell understands "+="
configure:5004: result: yes
configure:5039: checking how to convert x86_64-unknown-linux-gnu file names to x86_64-unknown-linux-gnu format
configure:5079: result: func_convert_file_noop
configure:5086: checking how to convert x86_64-unknown-linux-gnu file names to toolchain format
configure:5106: result: func_convert_file_noop
configure:5113: checking for /usr/bin/ld option to reload object files
configure:5120: result: -r
configure:5194: checking for objdump
configure:5210: found /usr/bin/objdump
configure:5221: result: objdump
configure:5253: checking how to recognize dependent libraries
configure:5455: result: pass_all
configure:5540: checking for dlltool
configure:5570: result: no
configure:5600: checking how to associate runtime and link libraries
configure:5627: result: printf %s\n
configure:5688: checking for ar
configure:5704: found /usr/bin/ar
configure:5715: result: ar
configure:5752: checking for archiver @FILE support
configure:5769: gcc -c -g -O2  conftest.c >&5
configure:5769: $? = 0
configure:5772: ar cru libconftest.a @conftest.lst >&5
configure:5775: $? = 0
configure:5780: ar cru libconftest.a @conftest.lst >&5
ar: conftest.o: No such file or directory
configure:5783: $? = 1
configure:5795: result: @
configure:5853: checking for strip
configure:5869: found /usr/bin/strip
configure:5880: result: strip
configure:5952: checking for ranlib
configure:5968: found /usr/bin/ranlib
configure:5979: result: ranlib
configure:6081: checking command to parse /usr/bin/nm -B output from gcc object
configure:6201: gcc -c -g -O2  conftest.c >&5
configure:6204: $? = 0
configure:6208: /usr/bin/nm -B conftest.o \| sed -n -e 's/^.*[ ]\([ABCDGIRSTW][ABCDGIRSTW]*\)[ ][ ]*\([_A-Za-z][_A-Za-z0-9]*\)$/\1 \2 \2/p' | sed '/ __gnu_lto/d' \> conftest.nm
configure:6211: $? = 0
configure:6277: gcc -o conftest -g -O2   conftest.c conftstm.o >&5
configure:6280: $? = 0
configure:6318: result: ok
configure:6355: checking for sysroot
configure:6385: result: no
configure:6462: gcc -c -g -O2  conftest.c >&5
configure:6465: $? = 0
configure:6641: checking for mt
configure:6657: found /bin/mt
configure:6668: result: mt
configure:6691: checking if mt is a manifest tool
configure:6697: mt '-?'
configure:6705: result: no
configure:7347: checking how to run the C preprocessor
configure:7378: gcc -E  conftest.c
configure:7378: $? = 0
configure:7392: gcc -E  conftest.c
conftest.c:11:28: fatal error: ac_nonexistent.h: No such file or directory
compilation terminated.
configure:7392: $? = 1
configure: failed program was:
| /* confdefs.h */
| #define PACKAGE_NAME "pebblesdb"
| #define PACKAGE_TARNAME "pebblesdb"
| #define PACKAGE_VERSION "1.0.dev"
| #define PACKAGE_STRING "pebblesdb 1.0.dev"
| #define PACKAGE_BUGREPORT "vijay@cs.utexas.edu"
| #define PACKAGE_URL ""
| #define PACKAGE "pebblesdb"
| #define VERSION "1.0.dev"
| /* end confdefs.h.  */
| #include <ac_nonexistent.h>
configure:7417: result: gcc -E
configure:7437: gcc -E  conftest.c
configure:7437: $? = 0
configure:7451: gcc -E  conftest.c
conftest.c:11:28: fatal error: ac_nonexistent.h: No such file or directory
compilation terminated.
configure:7451: $? = 1
configure: failed program was:
| /* confdefs.h */
| #define PACKAGE_NAME "pebblesdb"
| #define PACKAGE_TARNAME "pebblesdb"
| #define PACKAGE_VERSION "1.0.dev"
| #define PACKAGE_STRING "pebblesdb 1.0.dev"
| #define PACKAGE_BUGREPORT "vijay@cs.utexas.edu"
| #define PACKAGE_URL ""
| #define PACKAGE "pebblesdb"
| #define VERSION "1.0.dev"
| /* end confdefs.h.  */
| #include <ac_nonexistent.h>
configure:7480: checking for ANSI C header files
configure:7500: gcc -c -g -O2  conftest.c >&5
configure:7500: $? = 0
configure:7573: gcc -o conftest -g -O2   conftest.c  >&5
configure:7573: $? = 0
configure:7573: ./conftest
configure:7573: $? = 0
configure:7584: result: yes
configure:7597: checking for sys/types.h
configure:7597: gcc -c -g -O2  conftest.c >&5
configure:7597: $? = 0
configure:7597: result: yes
configure:7597: checking for sys/stat.h
configure:7597: gcc -c -g -O2  conftest.c >&5
configure:7597: $? = 0
configure:7597: result: yes
configure:7597: checking for stdlib.h
configure:7597: gcc -c -g -O2  conftest.c >&5
configure:7597: $? = 0
configure:7597: result: yes
configure:7597: checking for string.h
configure:7597: gcc -c -g -O2  conftest.c >&5
configure:7597: $? = 0
configure:7597: result: yes
configure:7597: checking for memory.h
configure:7597: gcc -c -g -O2  conftest.c >&5
configure:7597: $? = 0
configure:7597: result: yes
configure:7597: checking for strings.h
configure:7597: gcc -c -g -O2  conftest.c >&5
configure:7597: $? = 0
configure:7597: result: yes
configure:7597: checking for inttypes.h
configure:7597: gcc -c -g -O2  conftest.c >&5
configure:7597: $? = 0
configure:7597: result: yes
configure:7597: checking for stdint.h
configure:7597: gcc -c -g -O2  conftest.c >&5
configure:7597: $? = 0
configure:7597: result: yes
configure:7597: checking for unistd.h
configure:7597: gcc -c -g -O2  conftest.c >&5
configure:7597: $? = 0
configure:7597: result: yes
configure:7611: checking for dlfcn.h
configure:7611: gcc -c -g -O2  conftest.c >&5
configure:7611: $? = 0
configure:7611: result: yes
configure:7817: checking for objdir
configure:7832: result: .libs
configure:8103: checking if gcc supports -fno-rtti -fno-exceptions
configure:8121: gcc -c -g -O2  -fno-rtti -fno-exceptions conftest.c >&5
cc1: warning: command line option '-fno-rtti' is valid for C++/ObjC++ but not for C [enabled by default]
configure:8125: $? = 0
configure:8138: result: no
configure:8465: checking for gcc option to produce PIC
configure:8472: result: -fPIC -DPIC
configure:8480: checking if gcc PIC flag -fPIC -DPIC works
configure:8498: gcc -c -g -O2  -fPIC -DPIC -DPIC conftest.c >&5
configure:8502: $? = 0
configure:8515: result: yes
configure:8544: checking if gcc static flag -static works
configure:8572: result: yes
configure:8587: checking if gcc supports -c -o file.o
configure:8608: gcc -c -g -O2  -o out/conftest2.o conftest.c >&5
configure:8612: $? = 0
configure:8634: result: yes
configure:8642: checking if gcc supports -c -o file.o
configure:8689: result: yes
configure:8722: checking whether the gcc linker (/usr/bin/ld -m elf_x86_64) supports shared libraries
configure:9879: result: yes
configure:9916: checking whether -lc should be explicitly linked in
configure:9924: gcc -c -g -O2  conftest.c >&5
configure:9927: $? = 0
configure:9942: gcc -shared  -fPIC -DPIC conftest.o  -v -Wl,-soname -Wl,conftest -o conftest 2\>\&1 \| /bin/grep  -lc  \>/dev/null 2\>\&1
configure:9945: $? = 0
configure:9959: result: no
configure:10119: checking dynamic linker characteristics
configure:10630: gcc -o conftest -g -O2   -Wl,-rpath -Wl,/foo conftest.c  >&5
configure:10630: $? = 0
configure:10864: result: GNU/Linux ld.so
configure:10971: checking how to hardcode library paths into programs
configure:10996: result: immediate
configure:11536: checking whether stripping libraries is possible
configure:11541: result: yes
configure:11576: checking if libtool supports shared libraries
configure:11578: result: yes
configure:11581: checking whether to build shared libraries
configure:11602: result: yes
configure:11605: checking whether to build static libraries
configure:11609: result: yes
configure:11710: checking for g++
configure:11726: found /usr/bin/g++
configure:11737: result: g++
configure:11764: checking for C++ compiler version
configure:11773: g++ --version >&5
g++ (Ubuntu 5.4.1-2ubuntu1~12.04) 5.4.1 20160904
Copyright (C) 2015 Free Software Foundation, Inc.
This is free software; see the source for copying conditions.  There is NO
warranty; not even for MERCHANTABILITY or FITNESS FOR A PARTICULAR PURPOSE.

configure:11784: $? = 0
configure:11773: g++ -v >&5
Using built-in specs.
COLLECT_GCC=g++
COLLECT_LTO_WRAPPER=/usr/lib/gcc/x86_64-linux-gnu/5/lto-wrapper
Target: x86_64-linux-gnu
Configured with: ../src/configure -v --with-pkgversion='Ubuntu 5.4.1-2ubuntu1~12.04' --with-bugurl=file:///usr/share/doc/gcc-5/README.Bugs --enable-languages=c,ada,c++,java,go,d,fortran,objc,obj-c++ --prefix=/usr --program-suffix=-5 --enable-shared --enable-linker-build-id --libexecdir=/usr/lib --without-included-gettext --enable-threads=posix --libdir=/usr/lib --enable-nls --with-sysroot=/ --enable-clocale=gnu --enable-libstdcxx-debug --enable-libstdcxx-time=yes --with-default-libstdcxx-abi=gcc4-compatible --disable-libstdcxx-dual-abi --enable-gnu-unique-object --disable-vtable-verify --enable-plugin --with-system-zlib --disable-browser-plugin --enable-java-awt=gtk --enable-gtk-cairo --with-java-home=/usr/lib/jvm/java-1.5.0-gcj-5-amd64/jre --enable-java-home --with-jvm-root-dir=/usr/lib/jvm/java-1.5.0-gcj-5-amd64 --with-jvm-jar-dir=/usr/lib/jvm-exports/java-1.5.0-gcj-5-amd64 --with-arch-directory=amd64 --with-ecj-jar=/usr/share/java/eclipse-ecj.jar --enable-objc-gc --enable-multiarch --disable-werror --with-arch-32=i686 --with-abi=m64 --with-multilib-list=m32,m64 --enable-multilib --with-tune=generic --enable-checking=release --build=x86_64-linux-gnu --host=x86_64-linux-gnu --target=x86_64-linux-gnu
Thread model: posix
gcc version 5.4.1 20160904 (Ubuntu 5.4.1-2ubuntu1~12.04) 
configure:11784: $? = 0
configure:11773: g++ -V >&5
g++: error: unrecognized command line option '-V'
g++: fatal error: no input files
compilation terminated.
configure:11784: $? = 1
configure:11773: g++ -qversion >&5
g++: error: unrecognized command line option '-qversion'
g++: fatal error: no input files
compilation terminated.
configure:11784: $? = 1
configure:11788: checking whether we are using the GNU C++ compiler
configure:11807: g++ -c   conftest.cpp >&5
configure:11807: $? = 0
configure:11816: result: yes
configure:11825: checking whether g++ accepts -g
configure:11845: g++ -c -g  conftest.cpp >&5
configure:11845: $? = 0
configure:11886: result: yes
configure:11911: checking dependency style of g++
configure:12022: result: gcc3
configure:12055: checking how to run the C++ preprocessor
configure:12082: g++ -E  conftest.cpp
configure:12082: $? = 0
configure:12096: g++ -E  conftest.cpp
conftest.cpp:23:28: fatal error: ac_nonexistent.h: No such file or directory
compilation terminated.
configure:12096: $? = 1
configure: failed program was:
| /* confdefs.h */
| #define PACKAGE_NAME "pebblesdb"
| #define PACKAGE_TARNAME "pebblesdb"
| #define PACKAGE_VERSION "1.0.dev"
| #define PACKAGE_STRING "pebblesdb 1.0.dev"
| #define PACKAGE_BUGREPORT "vijay@cs.utexas.edu"
| #define PACKAGE_URL ""
| #define PACKAGE "pebblesdb"
| #define VERSION "1.0.dev"
| #define STDC_HEADERS 1
| #define HAVE_SYS_TYPES_H 1
| #define HAVE_SYS_STAT_H 1
| #define HAVE_STDLIB_H 1
| #define HAVE_STRING_H 1
| #define HAVE_MEMORY_H 1
| #define HAVE_STRINGS_H 1
| #define HAVE_INTTYPES_H 1
| #define HAVE_STDINT_H 1
| #define HAVE_UNISTD_H 1
| #define HAVE_DLFCN_H 1
| #define LT_OBJDIR ".libs/"
| /* end confdefs.h.  */
| #include <ac_nonexistent.h>
configure:12121: result: g++ -E
configure:12141: g++ -E  conftest.cpp
configure:12141: $? = 0
configure:12155: g++ -E  conftest.cpp
conftest.cpp:23:28: fatal error: ac_nonexistent.h: No such file or directory
compilation terminated.
configure:12155: $? = 1
configure: failed program was:
| /* confdefs.h */
| #define PACKAGE_NAME "pebblesdb"
| #define PACKAGE_TARNAME "pebblesdb"
| #define PACKAGE_VERSION "1.0.dev"
| #define PACKAGE_STRING "pebblesdb 1.0.dev"
| #define PACKAGE_BUGREPORT "vijay@cs.utexas.edu"
| #define PACKAGE_URL ""
| #define PACKAGE "pebblesdb"
| #define VERSION "1.0.dev"
| #define STDC_HEADERS 1
| #define HAVE_SYS_TYPES_H 1
| #define HAVE_SYS_STAT_H 1
| #define HAVE_STDLIB_H 1
| #define HAVE_STRING_H 1
| #define HAVE_MEMORY_H 1
| #define HAVE_STRINGS_H 1
| #define HAVE_INTTYPES_H 1
| #define HAVE_STDINT_H 1
| #define HAVE_UNISTD_H 1
| #define HAVE_DLFCN_H 1
| #define LT_OBJDIR ".libs/"
| /* end confdefs.h.  */
| #include <ac_nonexistent.h>
configure:12324: checking for ld used by g++
configure:12391: result: /usr/bin/ld -m elf_x86_64
configure:12398: checking if the linker (/usr/bin/ld -m elf_x86_64) is GNU ld
configure:12413: result: yes
configure:12468: checking whether the g++ linker (/usr/bin/ld -m elf_x86_64) supports shared libraries
configure:13473: result: yes
configure:13509: g++ -c -g -O2  conftest.cpp >&5
configure:13512: $? = 0
configure:14032: checking for g++ option to produce PIC
configure:14039: result: -fPIC -DPIC
configure:14047: checking if g++ PIC flag -fPIC -DPIC works
configure:14065: g++ -c -g -O2  -fPIC -DPIC -DPIC conftest.cpp >&5
configure:14069: $? = 0
configure:14082: result: yes
configure:14105: checking if g++ static flag -static works
configure:14133: result: yes
configure:14145: checking if g++ supports -c -o file.o
configure:14166: g++ -c -g -O2  -o out/conftest2.o conftest.cpp >&5
configure:14170: $? = 0
configure:14192: result: yes
configure:14197: checking if g++ supports -c -o file.o
configure:14244: result: yes
configure:14274: checking whether the g++ linker (/usr/bin/ld -m elf_x86_64) supports shared libraries
configure:14313: result: yes
configure:14454: checking dynamic linker characteristics
configure:15133: result: GNU/Linux ld.so
configure:15186: checking how to hardcode library paths into programs
configure:15211: result: immediate
configure:15299: checking for gcc
configure:15326: result: gcc
configure:15555: checking for C compiler version
configure:15564: gcc --version >&5
gcc (Ubuntu/Linaro 4.6.4-1ubuntu1~12.04) 4.6.4
Copyright (C) 2011 Free Software Foundation, Inc.
This is free software; see the source for copying conditions.  There is NO
warranty; not even for MERCHANTABILITY or FITNESS FOR A PARTICULAR PURPOSE.

configure:15575: $? = 0
configure:15564: gcc -v >&5
Using built-in specs.
COLLECT_GCC=gcc
COLLECT_LTO_WRAPPER=/usr/lib/gcc/x86_64-linux-gnu/4.6/lto-wrapper
Target: x86_64-linux-gnu
Configured with: ../src/configure -v --with-pkgversion='Ubuntu/Linaro 4.6.4-1ubuntu1~12.04' --with-bugurl=file:///usr/share/doc/gcc-4.6/README.Bugs --enable-languages=c,c++,fortran,objc,obj-c++ --prefix=/usr --program-suffix=-4.6 --enable-shared --enable-linker-build-id --with-system-zlib --libexecdir=/usr/lib --without-included-gettext --enable-threads=posix --with-gxx-include-dir=/usr/include/c++/4.6 --libdir=/usr/lib --enable-nls --with-sysroot=/ --enable-clocale=gnu --enable-libstdcxx-debug --enable-libstdcxx-time=yes --enable-gnu-unique-object --enable-plugin --enable-objc-gc --disable-werror --with-arch-32=i686 --with-tune=generic --enable-checking=release --build=x86_64-linux-gnu --host=x86_64-linux-gnu --target=x86_64-linux-gnu
Thread model: posix
gcc version 4.6.4 (Ubuntu/Linaro 4.6.4-1ubuntu1~12.04) 
configure:15575: $? = 0
configure:15564: gcc -V >&5
gcc: error: unrecognized option '-V'
gcc: fatal error: no input files
compilation terminated.
configure:15575: $? = 4
configure:15564: gcc -qversion >&5
gcc: error: unrecognized option '-qversion'
gcc: fatal error: no input files
compilation terminated.
configure:15575: $? = 4
configure:15579: checking whether we are using the GNU C compiler
configure:15607: result: yes
configure:15616: checking whether gcc accepts -g
configure:15677: result: yes
configure:15694: checking for gcc option to accept ISO C89
configure:15771: result: none needed
configure:15793: checking dependency style of gcc
configure:15904: result: gcc3
configure:18408: checking whether C++ compiler accepts -fno-builtin-memcmp
configure:18427: g++ -c -g -O2  -fno-builtin-memcmp  conftest.cpp >&5
configure:18427: $? = 0
configure:18435: result: yes
configure:18443: checking whether C++ compiler accepts -fno-builtin-memmove
configure:18462: g++ -c -g -O2  -fno-builtin-memmove  conftest.cpp >&5
configure:18462: $? = 0
configure:18470: result: yes
configure:18478: checking whether C++ compiler accepts -Qunused-arguments
configure:18497: g++ -c -g -O2  -Qunused-arguments  conftest.cpp >&5
g++: error: unrecognized command line option '-Qunused-arguments'
configure:18497: $? = 1
configure: failed program was:
| /* confdefs.h */
| #define PACKAGE_NAME "pebblesdb"
| #define PACKAGE_TARNAME "pebblesdb"
| #define PACKAGE_VERSION "1.0.dev"
| #define PACKAGE_STRING "pebblesdb 1.0.dev"
| #define PACKAGE_BUGREPORT "vijay@cs.utexas.edu"
| #define PACKAGE_URL ""
| #define PACKAGE "pebblesdb"
| #define VERSION "1.0.dev"
| #define STDC_HEADERS 1
| #define HAVE_SYS_TYPES_H 1
| #define HAVE_SYS_STAT_H 1
| #define HAVE_STDLIB_H 1
| #define HAVE_STRING_H 1
| #define HAVE_MEMORY_H 1
| #define HAVE_STRINGS_H 1
| #define HAVE_INTTYPES_H 1
| #define HAVE_STDINT_H 1
| #define HAVE_UNISTD_H 1
| #define HAVE_DLFCN_H 1
| #define LT_OBJDIR ".libs/"
| /* end confdefs.h.  */
| 
| int
| main ()
| {
| 
|   ;
|   return 0;
| }
configure:18505: result: no
configure:18524: checking endian.h usability
configure:18524: g++ -c -g -O2  conftest.cpp >&5
configure:18524: $? = 0
configure:18524: result: yes
configure:18524: checking endian.h presence
configure:18524: g++ -E  conftest.cpp
configure:18524: $? = 0
configure:18524: result: yes
configure:18524: checking for endian.h
configure:18524: result: yes
configure:18524: checking machine/endian.h usability
configure:18524: g++ -c -g -O2  conftest.cpp >&5
conftest.cpp:57:28: fatal error: machine/endian.h: No such file or directory
compilation terminated.
configure:18524: $? = 1
configure: failed program was:
| /* confdefs.h */
| #define PACKAGE_NAME "pebblesdb"
| #define PACKAGE_TARNAME "pebblesdb"
| #define PACKAGE_VERSION "1.0.dev"
| #define PACKAGE_STRING "pebblesdb 1.0.dev"
| #define PACKAGE_BUGREPORT "vijay@cs.utexas.edu"
| #define PACKAGE_URL ""
| #define PACKAGE "pebblesdb"
| #define VERSION "1.0.dev"
| #define STDC_HEADERS 1
| #define HAVE_SYS_TYPES_H 1
| #define HAVE_SYS_STAT_H 1
| #define HAVE_STDLIB_H 1
| #define HAVE_STRING_H 1
| #define HAVE_MEMORY_H 1
| #define HAVE_STRINGS_H 1
| #define HAVE_INTTYPES_H 1
| #define HAVE_STDINT_H 1
| #define HAVE_UNISTD_H 1
| #define HAVE_DLFCN_H 1
| #define LT_OBJDIR ".libs/"
| #define HAVE_ENDIAN_H 1
| /* end confdefs.h.  */
| #include <stdio.h>
| #ifdef HAVE_SYS_TYPES_H
| # include <sys/types.h>
| #endif
| #ifdef HAVE_SYS_STAT_H
| # include <sys/stat.h>
| #endif
| #ifdef STDC_HEADERS
| # include <stdlib.h>
| # include <stddef.h>
| #else
| # ifdef HAVE_STDLIB_H
| #  include <stdlib.h>
| # endif
| #endif
| #ifdef HAVE_STRING_H
| # if !defined STDC_HEADERS && defined HAVE_MEMORY_H
| #  include <memory.h>
| # endif
| # include <string.h>
| #endif
| #ifdef HAVE_STRINGS_H
| # include <strings.h>
| #endif
| #ifdef HAVE_INTTYPES_H
| # include <inttypes.h>
| #endif
| #ifdef HAVE_STDINT_H
| # include <stdint.h>
| #endif
| #ifdef HAVE_UNISTD_H
| # include <unistd.h>
| #endif
| #include <machine/endian.h>
configure:18524: result: no
configure:18524: checking machine/endian.h presence
configure:18524: g++ -E  conftest.cpp
conftest.cpp:24:28: fatal error: machine/endian.h: No such file or directory
compilation terminated.
configure:18524: $? = 1
configure: failed program was:
| /* confdefs.h */
| #define PACKAGE_NAME "pebblesdb"
| #define PACKAGE_TARNAME "pebblesdb"
| #define PACKAGE_VERSION "1.0.dev"
| #define PACKAGE_STRING "pebblesdb 1.0.dev"
| #define PACKAGE_BUGREPORT "vijay@cs.utexas.edu"
| #define PACKAGE_URL ""
| #define PACKAGE "pebblesdb"
| #define VERSION "1.0.dev"
| #define STDC_HEADERS 1
| #define HAVE_SYS_TYPES_H 1
| #define HAVE_SYS_STAT_H 1
| #define HAVE_STDLIB_H 1
| #define HAVE_STRING_H 1
| #define HAVE_MEMORY_H 1
| #define HAVE_STRINGS_H 1
| #define HAVE_INTTYPES_H 1
| #define HAVE_STDINT_H 1
| #define HAVE_UNISTD_H 1
| #define HAVE_DLFCN_H 1
| #define LT_OBJDIR ".libs/"
| #define HAVE_ENDIAN_H 1
| /* end confdefs.h.  */
| #include <machine/endian.h>
configure:18524: result: no
configure:18524: checking for machine/endian.h
configure:18524: result: no
configure:18524: checking sys/endian.h usability
configure:18524: g++ -c -g -O2  conftest.cpp >&5
conftest.cpp:57:24: fatal error: sys/endian.h: No such file or directory
compilation terminated.
configure:18524: $? = 1
configure: failed program was:
| /* confdefs.h */
| #define PACKAGE_NAME "pebblesdb"
| #define PACKAGE_TARNAME "pebblesdb"
| #define PACKAGE_VERSION "1.0.dev"
| #define PACKAGE_STRING "pebblesdb 1.0.dev"
| #define PACKAGE_BUGREPORT "vijay@cs.utexas.edu"
| #define PACKAGE_URL ""
| #define PACKAGE "pebblesdb"
| #define VERSION "1.0.dev"
| #define STDC_HEADERS 1
| #define HAVE_SYS_TYPES_H 1
| #define HAVE_SYS_STAT_H 1
| #define HAVE_STDLIB_H 1
| #define HAVE_STRING_H 1
| #define HAVE_MEMORY_H 1
| #define HAVE_STRINGS_H 1
| #define HAVE_INTTYPES_H 1
| #define HAVE_STDINT_H 1
| #define HAVE_UNISTD_H 1
| #define HAVE_DLFCN_H 1
| #define LT_OBJDIR ".libs/"
| #define HAVE_ENDIAN_H 1
| /* end confdefs.h.  */
| #include <stdio.h>
| #ifdef HAVE_SYS_TYPES_H
| # include <sys/types.h>
| #endif
| #ifdef HAVE_SYS_STAT_H
| # include <sys/stat.h>
| #endif
| #ifdef STDC_HEADERS
| # include <stdlib.h>
| # include <stddef.h>
| #else
| # ifdef HAVE_STDLIB_H
| #  include <stdlib.h>
| # endif
| #endif
| #ifdef HAVE_STRING_H
| # if !defined STDC_HEADERS && defined HAVE_MEMORY_H
| #  include <memory.h>
| # endif
| # include <string.h>
| #endif
| #ifdef HAVE_STRINGS_H
| # include <strings.h>
| #endif
| #ifdef HAVE_INTTYPES_H
| # include <inttypes.h>
| #endif
| #ifdef HAVE_STDINT_H
| # include <stdint.h>
| #endif
| #ifdef HAVE_UNISTD_H
| # include <unistd.h>
| #endif
| #include <sys/endian.h>
configure:18524: result: no
configure:18524: checking sys/endian.h presence
configure:18524: g++ -E  conftest.cpp
conftest.cpp:24:24: fatal error: sys/endian.h: No such file or directory
compilation terminated.
configure:18524: $? = 1
configure: failed program was:
| /* confdefs.h */
| #define PACKAGE_NAME "pebblesdb"
| #define PACKAGE_TARNAME "pebblesdb"
| #define PACKAGE_VERSION "1.0.dev"
| #define PACKAGE_STRING "pebblesdb 1.0.dev"
| #define PACKAGE_BUGREPORT "vijay@cs.utexas.edu"
| #define PACKAGE_URL ""
| #define PACKAGE "pebblesdb"
| #define VERSION "1.0.dev"
| #define STDC_HEADERS 1
| #define HAVE_SYS_TYPES_H 1
| #define HAVE_SYS_STAT_H 1
| #define HAVE_STDLIB_H 1
| #define HAVE_STRING_H 1
| #define HAVE_MEMORY_H 1
| #define HAVE_STRINGS_H 1
| #define HAVE_INTTYPES_H 1
| #define HAVE_STDINT_H 1
| #define HAVE_UNISTD_H 1
| #define HAVE_DLFCN_H 1
| #define LT_OBJDIR ".libs/"
| #define HAVE_ENDIAN_H 1
| /* end confdefs.h.  */
| #include <sys/endian.h>
configure:18524: result: no
configure:18524: checking for sys/endian.h
configure:18524: result: no
configure:18524: checking sys/isa_defs.h usability
configure:18524: g++ -c -g -O2  conftest.cpp >&5
conftest.cpp:57:26: fatal error: sys/isa_defs.h: No such file or directory
compilation terminated.
configure:18524: $? = 1
configure: failed program was:
| /* confdefs.h */
| #define PACKAGE_NAME "pebblesdb"
| #define PACKAGE_TARNAME "pebblesdb"
| #define PACKAGE_VERSION "1.0.dev"
| #define PACKAGE_STRING "pebblesdb 1.0.dev"
| #define PACKAGE_BUGREPORT "vijay@cs.utexas.edu"
| #define PACKAGE_URL ""
| #define PACKAGE "pebblesdb"
| #define VERSION "1.0.dev"
| #define STDC_HEADERS 1
| #define HAVE_SYS_TYPES_H 1
| #define HAVE_SYS_STAT_H 1
| #define HAVE_STDLIB_H 1
| #define HAVE_STRING_H 1
| #define HAVE_MEMORY_H 1
| #define HAVE_STRINGS_H 1
| #define HAVE_INTTYPES_H 1
| #define HAVE_STDINT_H 1
| #define HAVE_UNISTD_H 1
| #define HAVE_DLFCN_H 1
| #define LT_OBJDIR ".libs/"
| #define HAVE_ENDIAN_H 1
| /* end confdefs.h.  */
| #include <stdio.h>
| #ifdef HAVE_SYS_TYPES_H
| # include <sys/types.h>
| #endif
| #ifdef HAVE_SYS_STAT_H
| # include <sys/stat.h>
| #endif
| #ifdef STDC_HEADERS
| # include <stdlib.h>
| # include <stddef.h>
| #else
| # ifdef HAVE_STDLIB_H
| #  include <stdlib.h>
| # endif
| #endif
| #ifdef HAVE_STRING_H
| # if !defined STDC_HEADERS && defined HAVE_MEMORY_H
| #  include <memory.h>
| # endif
| # include <string.h>
| #endif
| #ifdef HAVE_STRINGS_H
| # include <strings.h>
| #endif
| #ifdef HAVE_INTTYPES_H
| # include <inttypes.h>
| #endif
| #ifdef HAVE_STDINT_H
| # include <stdint.h>
| #endif
| #ifdef HAVE_UNISTD_H
| # include <unistd.h>
| #endif
| #include <sys/isa_defs.h>
configure:18524: result: no
configure:18524: checking sys/isa_defs.h presence
configure:18524: g++ -E  conftest.cpp
conftest.cpp:24:26: fatal error: sys/isa_defs.h: No such file or directory
compilation terminated.
configure:18524: $? = 1
configure: failed program was:
| /* confdefs.h */
| #define PACKAGE_NAME "pebblesdb"
| #define PACKAGE_TARNAME "pebblesdb"
| #define PACKAGE_VERSION "1.0.dev"
| #define PACKAGE_STRING "pebblesdb 1.0.dev"
| #define PACKAGE_BUGREPORT "vijay@cs.utexas.edu"
| #define PACKAGE_URL ""
| #define PACKAGE "pebblesdb"
| #define VERSION "1.0.dev"
| #define STDC_HEADERS 1
| #define HAVE_SYS_TYPES_H 1
| #define HAVE_SYS_STAT_H 1
| #define HAVE_STDLIB_H 1
| #define HAVE_STRING_H 1
| #define HAVE_MEMORY_H 1
| #define HAVE_STRINGS_H 1
| #define HAVE_INTTYPES_H 1
| #define HAVE_STDINT_H 1
| #define HAVE_UNISTD_H 1
| #define HAVE_DLFCN_H 1
| #define LT_OBJDIR ".libs/"
| #define HAVE_ENDIAN_H 1
| /* end confdefs.h.  */
| #include <sys/isa_defs.h>
configure:18524: result: no
configure:18524: checking for sys/isa_defs.h
configure:18524: result: no
configure:18524: checking for sys/types.h
configure:18524: result: yes
configure:18538: checking for error_at_line
configure:18554: g++ -o conftest -g -O2   conftest.cpp  >&5
configure:18554: $? = 0
configure:18562: result: yes
configure:18579: checking for stdlib.h
configure:18579: result: yes
configure:18579: checking for unistd.h
configure:18579: result: yes
configure:18579: checking for sys/param.h
configure:18579: g++ -c -g -O2  conftest.cpp >&5
configure:18579: $? = 0
configure:18579: result: yes
configure:18599: checking for getpagesize
configure:18599: g++ -o conftest -g -O2   conftest.cpp  >&5
configure:18599: $? = 0
configure:18599: result: yes
configure:18608: checking for working mmap
configure:18755: g++ -o conftest -g -O2   conftest.cpp  >&5
configure:18755: $? = 0
configure:18755: ./conftest
configure:18755: $? = 0
configure:18765: result: yes
configure:18777: checking for alarm
configure:18777: g++ -o conftest -g -O2   conftest.cpp  >&5
configure:18777: $? = 0
configure:18777: result: yes
configure:18777: checking for clock_gettime
configure:18777: g++ -o conftest -g -O2   conftest.cpp  >&5
/tmp/cchYYqQt.o: In function `main':
/home/nhpcc410/lyrdb/pebblesdb-master/src/conftest.cpp:65: undefined reference to `clock_gettime'
collect2: error: ld returned 1 exit status
configure:18777: $? = 1
configure: failed program was:
| /* confdefs.h */
| #define PACKAGE_NAME "pebblesdb"
| #define PACKAGE_TARNAME "pebblesdb"
| #define PACKAGE_VERSION "1.0.dev"
| #define PACKAGE_STRING "pebblesdb 1.0.dev"
| #define PACKAGE_BUGREPORT "vijay@cs.utexas.edu"
| #define PACKAGE_URL ""
| #define PACKAGE "pebblesdb"
| #define VERSION "1.0.dev"
| #define STDC_HEADERS 1
| #define HAVE_SYS_TYPES_H 1
| #define HAVE_SYS_STAT_H 1
| #define HAVE_STDLIB_H 1
| #define HAVE_STRING_H 1
| #define HAVE_MEMORY_H 1
| #define HAVE_STRINGS_H 1
| #define HAVE_INTTYPES_H 1
| #define HAVE_STDINT_H 1
| #define HAVE_UNISTD_H 1
| #define HAVE_DLFCN_H 1
| #define LT_OBJDIR ".libs/"
| #define HAVE_ENDIAN_H 1
| #define HAVE_SYS_TYPES_H 1
| #define HAVE_STDLIB_H 1
| #define HAVE_UNISTD_H 1
| #define HAVE_SYS_PARAM_H 1
| #define HAVE_GETPAGESIZE 1
| #define HAVE_MMAP 1
| #define HAVE_ALARM 1
| /* end confdefs.h.  */
| /* Define clock_gettime to an innocuous variant, in case <limits.h> declares clock_gettime.
|    For example, HP-UX 11i <limits.h> declares gettimeofday.  */
| #define clock_gettime innocuous_clock_gettime
| 
| /* System header to define __stub macros and hopefully few prototypes,
|     which can conflict with char clock_gettime (); below.
|     Prefer <limits.h> to <assert.h> if __STDC__ is defined, since
|     <limits.h> exists even on freestanding compilers.  */
| 
| #ifdef __STDC__
| # include <limits.h>
| #else
| # include <assert.h>
| #endif
| 
| #undef clock_gettime
| 
| /* Override any GCC internal prototype to avoid an error.
|    Use char because int might match the return type of a GCC
|    builtin and then its argument prototype would still apply.  */
| #ifdef __cplusplus
| extern "C"
| #endif
| char clock_gettime ();
| /* The GNU C library defines this for functions which it implements
|     to always fail with ENOSYS.  Some functions are actually named
|     something starting with __ and the normal name is an alias.  */
| #if defined __stub_clock_gettime || defined __stub___clock_gettime
| choke me
| #endif
| 
| int
| main ()
| {
| return clock_gettime ();
|   ;
|   return 0;
| }
configure:18777: result: no
configure:18777: checking for mach_absolute_time
configure:18777: g++ -o conftest -g -O2   conftest.cpp  >&5
/tmp/ccBJBmLD.o: In function `main':
/home/nhpcc410/lyrdb/pebblesdb-master/src/conftest.cpp:65: undefined reference to `mach_absolute_time'
collect2: error: ld returned 1 exit status
configure:18777: $? = 1
configure: failed program was:
| /* confdefs.h */
| #define PACKAGE_NAME "pebblesdb"
| #define PACKAGE_TARNAME "pebblesdb"
| #define PACKAGE_VERSION "1.0.dev"
| #define PACKAGE_STRING "pebblesdb 1.0.dev"
| #define PACKAGE_BUGREPORT "vijay@cs.utexas.edu"
| #define PACKAGE_URL ""
| #define PACKAGE "pebblesdb"
| #define VERSION "1.0.dev"
| #define STDC_HEADERS 1
| #define HAVE_SYS_TYPES_H 1
| #define HAVE_SYS_STAT_H 1
| #define HAVE_STDLIB_H 1
| #define HAVE_STRING_H 1
| #define HAVE_MEMORY_H 1
| #define HAVE_STRINGS_H 1
| #define HAVE_INTTYPES_H 1
| #define HAVE_STDINT_H 1
| #define HAVE_UNISTD_H 1
| #define HAVE_DLFCN_H 1
| #define LT_OBJDIR ".libs/"
| #define HAVE_ENDIAN_H 1
| #define HAVE_SYS_TYPES_H 1
| #define HAVE_STDLIB_H 1
| #define HAVE_UNISTD_H 1
| #define HAVE_SYS_PARAM_H 1
| #define HAVE_GETPAGESIZE 1
| #define HAVE_MMAP 1
| #define HAVE_ALARM 1
| /* end confdefs.h.  */
| /* Define mach_absolute_time to an innocuous variant, in case <limits.h> declares mach_absolute_time.
|    For example, HP-UX 11i <limits.h> declares gettimeofday.  */
| #define mach_absolute_time innocuous_mach_absolute_time
| 
| /* System header to define __stub macros and hopefully few prototypes,
|     which can conflict with char mach_absolute_time (); below.
|     Prefer <limits.h> to <assert.h> if __STDC__ is defined, since
|     <limits.h> exists even on freestanding compilers.  */
| 
| #ifdef __STDC__
| # include <limits.h>
| #else
| # include <assert.h>
| #endif
| 
| #undef mach_absolute_time
| 
| /* Override any GCC internal prototype to avoid an error.
|    Use char because int might match the return type of a GCC
|    builtin and then its argument prototype would still apply.  */
| #ifdef __cplusplus
| extern "C"
| #endif
| char mach_absolute_time ();
| /* The GNU C library defines this for functions which it implements
|     to always fail with ENOSYS.  Some functions are actually named
|     something starting with __ and the normal name is an alias.  */
| #if defined __stub_mach_absolute_time || defined __stub___mach_absolute_time
| choke me
| #endif
| 
| int
| main ()
| {
| return mach_absolute_time ();
|   ;
|   return 0;
| }
configure:18777: result: no
configure:18777: checking for ftruncate
configure:18777: g++ -o conftest -g -O2   conftest.cpp  >&5
configure:18777: $? = 0
configure:18777: result: yes
configure:18777: checking for fsync
configure:18777: g++ -o conftest -g -O2   conftest.cpp  >&5
configure:18777: $? = 0
configure:18777: result: yes
configure:18789: checking for fread
configure:18789: g++ -o conftest -g -O2   conftest.cpp  >&5
configure:18789: $? = 0
configure:18789: result: yes
configure:18789: checking for fread_unlocked
configure:18789: g++ -o conftest -g -O2   conftest.cpp  >&5
configure:18789: $? = 0
configure:18789: result: yes
configure:18789: checking for fwrite
configure:18789: g++ -o conftest -g -O2   conftest.cpp  >&5
configure:18789: $? = 0
configure:18789: result: yes
configure:18789: checking for fwrite_unlocked
configure:18789: g++ -o conftest -g -O2   conftest.cpp  >&5
configure:18789: $? = 0
configure:18789: result: yes
configure:18789: checking for fflush
configure:18789: g++ -o conftest -g -O2   conftest.cpp  >&5
configure:18789: $? = 0
configure:18789: result: yes
configure:18801: checking for fflush_unlocked
configure:18801: g++ -o conftest -g -O2   conftest.cpp  >&5
configure:18801: $? = 0
configure:18801: result: yes
configure:18801: checking for memmove
configure:18801: g++ -o conftest -g -O2   conftest.cpp  >&5
configure:18801: $? = 0
configure:18801: result: yes
configure:18801: checking for mkdir
configure:18801: g++ -o conftest -g -O2   conftest.cpp  >&5
configure:18801: $? = 0
configure:18801: result: yes
configure:18801: checking for munmap
configure:18801: g++ -o conftest -g -O2   conftest.cpp  >&5
configure:18801: $? = 0
configure:18801: result: yes
configure:18801: checking for rmdir
configure:18801: g++ -o conftest -g -O2   conftest.cpp  >&5
configure:18801: $? = 0
configure:18801: result: yes
configure:18801: checking for socket
configure:18801: g++ -o conftest -g -O2   conftest.cpp  >&5
configure:18801: $? = 0
configure:18801: result: yes
configure:18810: checking whether fdatasync is declared
configure:18810: g++ -c -g -O2  conftest.cpp >&5
configure:18810: $? = 0
configure:18810: result: yes
configure:18825: checking for snappy_compress in -lsnappy
configure:18850: g++ -o conftest -g -O2   conftest.cpp -lsnappy   >&5
configure:18850: $? = 0
configure:18859: result: yes
configure:18867: checking snappy.h usability
configure:18867: g++ -c -g -O2  conftest.cpp >&5
configure:18867: $? = 0
configure:18867: result: yes
configure:18867: checking snappy.h presence
configure:18867: g++ -E  conftest.cpp
configure:18867: $? = 0
configure:18867: result: yes
configure:18867: checking for snappy.h
configure:18867: result: yes
configure:19054: creating ./config.status

## ---------------------- ##
## Running config.status. ##
## ---------------------- ##

This file was extended by pebblesdb config.status 1.0.dev, which was
generated by GNU Autoconf 2.68.  Invocation command line was

  CONFIG_FILES    = 
  CONFIG_HEADERS  = 
  CONFIG_LINKS    = 
  CONFIG_COMMANDS = 
  $ ./config.status 

on nhpcc410-PowerEdge-T620

config.status:1183: creating Makefile
config.status:1183: creating libpebblesdb.pc
config.status:1183: creating config.h
config.status:1364: config.h is unchanged
config.status:1412: executing depfiles commands
config.status:1412: executing libtool commands

## ---------------- ##
## Cache variables. ##
## ---------------- ##

ac_cv_build=x86_64-unknown-linux-gnu
ac_cv_c_compiler_gnu=yes
ac_cv_cxx_compiler_gnu=yes
ac_cv_env_CCC_set=
ac_cv_env_CCC_value=
ac_cv_env_CC_set=
ac_cv_env_CC_value=
ac_cv_env_CFLAGS_set=
ac_cv_env_CFLAGS_value=
ac_cv_env_CPPFLAGS_set=
ac_cv_env_CPPFLAGS_value=
ac_cv_env_CPP_set=
ac_cv_env_CPP_value=
ac_cv_env_CXXCPP_set=
ac_cv_env_CXXCPP_value=
ac_cv_env_CXXFLAGS_set=
ac_cv_env_CXXFLAGS_value=
ac_cv_env_CXX_set=
ac_cv_env_CXX_value=
ac_cv_env_LDFLAGS_set=
ac_cv_env_LDFLAGS_value=
ac_cv_env_LIBS_set=
ac_cv_env_LIBS_value=
ac_cv_env_build_alias_set=
ac_cv_env_build_alias_value=
ac_cv_env_host_alias_set=
ac_cv_env_host_alias_value=
ac_cv_env_target_alias_set=
ac_cv_env_target_alias_value=
ac_cv_func_alarm=yes
ac_cv_func_clock_gettime=no
ac_cv_func_fflush=yes
ac_cv_func_fflush_unlocked=yes
ac_cv_func_fread=yes
ac_cv_func_fread_unlocked=yes
ac_cv_func_fsync=yes
ac_cv_func_ftruncate=yes
ac_cv_func_fwrite=yes
ac_cv_func_fwrite_unlocked=yes
ac_cv_func_getpagesize=yes
ac_cv_func_mach_absolute_time=no
ac_cv_func_memmove=yes
ac_cv_func_mkdir=yes
ac_cv_func_mmap_fixed_mapped=yes
ac_cv_func_munmap=yes
ac_cv_func_rmdir=yes
ac_cv_func_socket=yes
ac_cv_have_decl_fdatasync=yes
ac_cv_header_dlfcn_h=yes
ac_cv_header_endian_h=yes
ac_cv_header_inttypes_h=yes
ac_cv_header_machine_endian_h=no
ac_cv_header_memory_h=yes
ac_cv_header_snappy_h=yes
ac_cv_header_stdc=yes
ac_cv_header_stdint_h=yes
ac_cv_header_stdlib_h=yes
ac_cv_header_string_h=yes
ac_cv_header_strings_h=yes
ac_cv_header_sys_endian_h=no
ac_cv_header_sys_isa_defs_h=no
ac_cv_header_sys_param_h=yes
ac_cv_header_sys_stat_h=yes
ac_cv_header_sys_types_h=yes
ac_cv_header_unistd_h=yes
ac_cv_host=x86_64-unknown-linux-gnu
ac_cv_lib_error_at_line=yes
ac_cv_lib_snappy_snappy_compress=yes
ac_cv_objext=o
ac_cv_path_EGREP='/bin/grep -E'
ac_cv_path_FGREP='/bin/grep -F'
ac_cv_path_GREP=/bin/grep
ac_cv_path_SED=/bin/sed
ac_cv_path_install='/usr/bin/install -c'
ac_cv_path_mkdir=/bin/mkdir
ac_cv_prog_AWK=mawk
ac_cv_prog_CPP='gcc -E'
ac_cv_prog_CXXCPP='g++ -E'
ac_cv_prog_ac_ct_AR=ar
ac_cv_prog_ac_ct_CC=gcc
ac_cv_prog_ac_ct_CXX=g++
ac_cv_prog_ac_ct_MANIFEST_TOOL=mt
ac_cv_prog_ac_ct_OBJDUMP=objdump
ac_cv_prog_ac_ct_RANLIB=ranlib
ac_cv_prog_ac_ct_STRIP=strip
ac_cv_prog_cc_c89=
ac_cv_prog_cc_g=yes
ac_cv_prog_cxx_g=yes
ac_cv_prog_make_make_set=yes
am_cv_CC_dependencies_compiler_type=gcc3
am_cv_CXX_dependencies_compiler_type=gcc3
am_cv_make_support_nested_variables=yes
ax_cv_check_cxxflags___Qunused_arguments=no
ax_cv_check_cxxflags___fno_builtin_memcmp=yes
ax_cv_check_cxxflags___fno_builtin_memmove=yes
lt_cv_ar_at_file=@
lt_cv_archive_cmds_need_lc=no
lt_cv_deplibs_check_method=pass_all
lt_cv_file_magic_cmd='$MAGIC_CMD'
lt_cv_file_magic_test_file=
lt_cv_ld_reload_flag=-r
lt_cv_nm_interface='BSD nm'
lt_cv_objdir=.libs
lt_cv_path_LD=/usr/bin/ld
lt_cv_path_LDCXX='/usr/bin/ld -m elf_x86_64'
lt_cv_path_NM='/usr/bin/nm -B'
lt_cv_path_mainfest_tool=no
lt_cv_prog_compiler_c_o=yes
lt_cv_prog_compiler_c_o_CXX=yes
lt_cv_prog_compiler_pic='-fPIC -DPIC'
lt_cv_prog_compiler_pic_CXX='-fPIC -DPIC'
lt_cv_prog_compiler_pic_works=yes
lt_cv_prog_compiler_pic_works_CXX=yes
lt_cv_prog_compiler_rtti_exceptions=no
lt_cv_prog_compiler_static_works=yes
lt_cv_prog_compiler_static_works_CXX=yes
lt_cv_prog_gnu_ld=yes
lt_cv_prog_gnu_ldcxx=yes
lt_cv_sharedlib_from_linklib_cmd='printf %s\n'
lt_cv_shlibpath_overrides_runpath=no
lt_cv_sys_global_symbol_pipe='sed -n -e '\''s/^.*[	 ]\([ABCDGIRSTW][ABCDGIRSTW]*\)[	 ][	 ]*\([_A-Za-z][_A-Za-z0-9]*\)$/\1 \2 \2/p'\'' | sed '\''/ __gnu_lto/d'\'''
lt_cv_sys_global_symbol_to_c_name_address='sed -n -e '\''s/^: \([^ ]*\)[ ]*$/  {\"\1\", (void *) 0},/p'\'' -e '\''s/^[ABCDGIRSTW]* \([^ ]*\) \([^ ]*\)$/  {"\2", (void *) \&\2},/p'\'''
lt_cv_sys_global_symbol_to_c_name_address_lib_prefix='sed -n -e '\''s/^: \([^ ]*\)[ ]*$/  {\"\1\", (void *) 0},/p'\'' -e '\''s/^[ABCDGIRSTW]* \([^ ]*\) \(lib[^ ]*\)$/  {"\2", (void *) \&\2},/p'\'' -e '\''s/^[ABCDGIRSTW]* \([^ ]*\) \([^ ]*\)$/  {"lib\2", (void *) \&\2},/p'\'''
lt_cv_sys_global_symbol_to_cdecl='sed -n -e '\''s/^T .* \(.*\)$/extern int \1();/p'\'' -e '\''s/^[ABCDGIRSTW]* .* \(.*\)$/extern char \1;/p'\'''
lt_cv_sys_max_cmd_len=1572864
lt_cv_to_host_file_cmd=func_convert_file_noop
lt_cv_to_tool_file_cmd=func_convert_file_noop

## ----------------- ##
## Output variables. ##
## ----------------- ##

ACLOCAL='${SHELL} /home/nhpcc410/lyrdb/pebblesdb-master/src/missing --run aclocal-1.11'
AMDEPBACKSLASH='\'
AMDEP_FALSE='#'
AMDEP_TRUE=''
AMTAR='$${TAR-tar}'
AM_BACKSLASH='\'
AM_DEFAULT_V='$(AM_DEFAULT_VERBOSITY)'
AM_DEFAULT_VERBOSITY='0'
AM_V='$(V)'
AR='ar'
AUTOCONF='${SHELL} /home/nhpcc410/lyrdb/pebblesdb-master/src/missing --run autoconf'
AUTOHEADER='${SHELL} /home/nhpcc410/lyrdb/pebblesdb-master/src/missing --run autoheader'
AUTOMAKE='${SHELL} /home/nhpcc410/lyrdb/pebblesdb-master/src/missing --run automake-1.11'
AWK='mawk'
CC='gcc'
CCDEPMODE='depmode=gcc3'
CFLAGS='-g -O2'
CPP='gcc -E'
CPPFLAGS=''
CXX='g++'
CXXCPP='g++ -E'
CXXDEPMODE='depmode=gcc3'
CXXFLAGS='-g -O2'
CYGPATH_W='echo'
DEFS='-DHAVE_CONFIG_H'
DEPDIR='.deps'
DLLTOOL='false'
DSYMUTIL=''
DUMPBIN=''
ECHO_C=''
ECHO_N='-n'
ECHO_T=''
EGREP='/bin/grep -E'
EXEEXT=''
EXTRA_CFLAGS='-fno-builtin-memcmp -fno-builtin-memcmp'
FGREP='/bin/grep -F'
GREP='/bin/grep'
INSTALL_DATA='${INSTALL} -m 644'
INSTALL_PROGRAM='${INSTALL}'
INSTALL_SCRIPT='${INSTALL}'
INSTALL_STRIP_PROGRAM='$(install_sh) -c -s'
LD='/usr/bin/ld -m elf_x86_64'
LDFLAGS=''
LIBOBJS=''
LIBS=''
LIBTOOL='$(SHELL) $(top_builddir)/libtool'
LIPO=''
LN_S='ln -s'
LTLIBOBJS=''
MAKEINFO='${SHELL} /home/nhpcc410/lyrdb/pebblesdb-master/src/missing --run makeinfo'
MANIFEST_TOOL=':'
MKDIR_P='/bin/mkdir -p'
NM='/usr/bin/nm -B'
NMEDIT=''
OBJDUMP='objdump'
OBJEXT='o'
OTOOL64=''
OTOOL=''
PACKAGE='pebblesdb'
PACKAGE_BUGREPORT='vijay@cs.utexas.edu'
PACKAGE_NAME='pebblesdb'
PACKAGE_STRING='pebblesdb 1.0.dev'
PACKAGE_TARNAME='pebblesdb'
PACKAGE_URL=''
PACKAGE_VERSION='1.0.dev'
PATH_SEPARATOR=':'
RANLIB='ranlib'
SED='/bin/sed'
SET_MAKE=''
SHELL='/bin/bash'
SNAPPY_FLAGS='-DSNAPPY'
SNAPPY_LIBS='-lsnappy'
STRIP='strip'
VERSION='1.0.dev'
WANAL_CFLAGS=' '
WANAL_CXXFLAGS=' '
ac_ct_AR='ar'
ac_ct_CC='gcc'
ac_ct_CXX='g++'
ac_ct_DUMPBIN=''
am__EXEEXT_FALSE=''
am__EXEEXT_TRUE='#'
am__fastdepCC_FALSE='#'
am__fastdepCC_TRUE=''
am__fastdepCXX_FALSE='#'
am__fastdepCXX_TRUE=''
am__include='include'
am__isrc=''
am__leading_dot='.'
am__nodep='_no'
am__quote=''
am__tar='$${TAR-tar} chof - "$$tardir"'
am__untar='$${TAR-tar} xf -'
bindir='${exec_prefix}/bin'
build='x86_64-unknown-linux-gnu'
build_alias=''
build_cpu='x86_64'
build_os='linux-gnu'
build_vendor='unknown'
datadir='${datarootdir}'
datarootdir='${prefix}/share'
docdir='${datarootdir}/doc/${PACKAGE_TARNAME}'
dvidir='${docdir}'
exec_prefix='${prefix}'
host='x86_64-unknown-linux-gnu'
host_alias=''
host_cpu='x86_64'
host_os='linux-gnu'
host_vendor='unknown'
htmldir='${docdir}'
includedir='${prefix}/include'
infodir='${datarootdir}/info'
install_sh='${SHELL} /home/nhpcc410/lyrdb/pebblesdb-master/src/install-sh'
libdir='${exec_prefix}/lib'
libexecdir='${exec_prefix}/libexec'
localedir='${datarootdir}/locale'
localstatedir='${prefix}/var'
mandir='${datarootdir}/man'
mkdir_p='/bin/mkdir -p'
oldincludedir='/usr/include'
pdfdir='${docdir}'
prefix='/usr/local'
program_transform_name='s,x,x,'
psdir='${docdir}'
sbindir='${exec_prefix}/sbin'
sharedstatedir='${prefix}/com'
sysconfdir='${prefix}/etc'
target_alias=''

## ----------- ##
## confdefs.h. ##
## ----------- ##

/* confdefs.h */
#define PACKAGE_NAME "pebblesdb"
#define PACKAGE_TARNAME "pebblesdb"
#define PACKAGE_VERSION "1.0.dev"
#define PACKAGE_STRING "pebblesdb 1.0.dev"
#define PACKAGE_BUGREPORT "vijay@cs.utexas.edu"
#define PACKAGE_URL ""
#define PACKAGE "pebblesdb"
#define VERSION "1.0.dev"
#define STDC_HEADERS 1
#define HAVE_SYS_TYPES_H 1
#define HAVE_SYS_STAT_H 1
#define HAVE_STDLIB_H 1
#define HAVE_STRING_H 1
#define HAVE_MEMORY_H 1
#define HAVE_STRINGS_H 1
#define HAVE_INTTYPES_H 1
#define HAVE_STDINT_H 1
#define HAVE_UNISTD_H 1
#define HAVE_DLFCN_H 1
#define LT_OBJDIR ".libs/"
#define HAVE_ENDIAN_H 1
#define HAVE_SYS_TYPES_H 1
#define HAVE_STDLIB_H 1
#define HAVE_UNISTD_H 1
#define HAVE_SYS_PARAM_H 1
#define HAVE_GETPAGESIZE 1
#define HAVE_MMAP 1
#define HAVE_ALARM 1
#define HAVE_FTRUNCATE 1
#define HAVE_FSYNC 1
#define HAVE_FREAD 1
#define HAVE_FREAD_UNLOCKED 1
#define HAVE_FWRITE 1
#define HAVE_FWRITE_UNLOCKED 1
#define HAVE_FFLUSH 1
#define HAVE_FFLUSH_UNLOCKED 1
#define HAVE_MEMMOVE 1
#define HAVE_MKDIR 1
#define HAVE_MUNMAP 1
#define HAVE_RMDIR 1
#define HAVE_SOCKET 1
#define HAVE_DECL_FDATASYNC 1

configure: exit 0
